<?xml version="1.0" encoding="UTF-8"?>
<!-- Generated by org.testng.reporters.JUnitReportReporter -->
<testsuite skipped="0" hostname="RIYA" name="D1.Task.Mercury.Test.MercuryTourLogTest" tests="1" failures="0" timestamp="19 Dec 2021 11:15:55 GMT" time="16.554" errors="0">
  <testcase name="Register" time="16.554" classname="D1.Task.Mercury.Test.MercuryTourLogTest"/>
</testsuite> <!-- D1.Task.Mercury.Test.MercuryTourLogTest -->
