<?xml version="1.0" encoding="UTF-8"?>
<!-- Generated by org.testng.reporters.JUnitReportReporter -->
<testsuite skipped="0" hostname="RIYA" name="D1.Task.Mercury.Test.MercuryTourFlightBookTest" tests="1" failures="0" timestamp="19 Dec 2021 11:17:56 GMT" time="11.787" errors="0">
  <testcase name="Register" time="11.787" classname="D1.Task.Mercury.Test.MercuryTourFlightBookTest"/>
</testsuite> <!-- D1.Task.Mercury.Test.MercuryTourFlightBookTest -->
